<?xml version="1.0" encoding="UTF-8"?>
<testng-results total="1" passed="1" failed="0" skipped="0">
  <reporter-output>
  </reporter-output>
  <suite started-at="2022-06-03T14:42:41Z" name="Default suite" finished-at="2022-06-03T14:42:52Z" duration-ms="11136">
    <groups>
    </groups>
    <test started-at="2022-06-03T14:42:41Z" name="Default test" finished-at="2022-06-03T14:42:52Z" duration-ms="11136">
      <class name="PracticeTestNG.Tests">
        <test-method is-config="true" signature="setup()[pri:0, instance:PracticeTestNG.Tests@6d025197]" started-at="2022-06-03T20:12:41Z" name="setup" finished-at="2022-06-03T20:12:43Z" duration-ms="2366" status="PASS">
          <reporter-output>
          </reporter-output>
        </test-method> <!-- setup -->
        <test-method signature="table()[pri:0, instance:PracticeTestNG.Tests@6d025197]" started-at="2022-06-03T20:12:43Z" name="table" finished-at="2022-06-03T20:12:52Z" duration-ms="8753" status="PASS">
          <reporter-output>
          </reporter-output>
        </test-method> <!-- table -->
      </class> <!-- PracticeTestNG.Tests -->
    </test> <!-- Default test -->
  </suite> <!-- Default suite -->
</testng-results>
